<?xml version="1.0" encoding="UTF-8"?>
<testng-results ignored="0" total="2" passed="2" failed="0" skipped="0">
  <reporter-output>
  </reporter-output>
  <suite started-at="2025-09-11T13:33:17 IST" name="Default suite" finished-at="2025-09-11T13:35:45 IST" duration-ms="148471">
    <groups>
      <group name="cucumber">
        <method signature="AbstractTestNGCucumberTests.runScenario(io.cucumber.testng.PickleWrapper,io.cucumber.testng.FeatureWrapper)[pri:0, instance:runner.TestRunner@2de23121]" name="runScenario" class="io.cucumber.testng.AbstractTestNGCucumberTests"/>
      </group> <!-- cucumber -->
    </groups>
    <test started-at="2025-09-11T13:33:17 IST" name="Default test" finished-at="2025-09-11T13:35:45 IST" duration-ms="148471">
      <class name="runner.TestRunner">
        <test-method is-config="true" signature="setUpClass(org.testng.ITestContext)[pri:0, instance:runner.TestRunner@2de23121]" started-at="2025-09-11T13:33:17 IST" name="setUpClass" finished-at="2025-09-11T13:33:18 IST" duration-ms="1140" status="PASS">
          <params>
            <param index="0">
              <value>
                <![CDATA[org.testng.TestRunner@60f21960]]>
              </value>
            </param>
          </params>
          <reporter-output>
          </reporter-output>
        </test-method> <!-- setUpClass -->
        <test-method signature="runScenario(io.cucumber.testng.PickleWrapper,io.cucumber.testng.FeatureWrapper)[pri:0, instance:runner.TestRunner@2de23121]" started-at="2025-09-11T13:33:18 IST" name="runScenario" description="Runs Cucumber Scenarios" data-provider="scenarios" finished-at="2025-09-11T13:34:56 IST" duration-ms="98376" status="PASS">
          <params>
            <param index="0">
              <value>
                <![CDATA["Missing landmark"]]>
              </value>
            </param>
            <param index="1">
              <value>
                <![CDATA["Buy Page Search and Navigation"]]>
              </value>
            </param>
          </params>
          <reporter-output>
          </reporter-output>
        </test-method> <!-- runScenario -->
        <test-method signature="runScenario(io.cucumber.testng.PickleWrapper,io.cucumber.testng.FeatureWrapper)[pri:0, instance:runner.TestRunner@2de23121]" started-at="2025-09-11T13:34:56 IST" name="runScenario" description="Runs Cucumber Scenarios" data-provider="scenarios" finished-at="2025-09-11T13:35:45 IST" duration-ms="48441" status="PASS">
          <params>
            <param index="0">
              <value>
                <![CDATA["Valid landmark"]]>
              </value>
            </param>
            <param index="1">
              <value>
                <![CDATA["Buy Page Search and Navigation"]]>
              </value>
            </param>
          </params>
          <reporter-output>
          </reporter-output>
        </test-method> <!-- runScenario -->
        <test-method is-config="true" signature="tearDownClass()[pri:0, instance:runner.TestRunner@2de23121]" started-at="2025-09-11T13:35:45 IST" name="tearDownClass" finished-at="2025-09-11T13:35:45 IST" duration-ms="448" status="PASS">
          <reporter-output>
          </reporter-output>
        </test-method> <!-- tearDownClass -->
      </class> <!-- runner.TestRunner -->
    </test> <!-- Default test -->
  </suite> <!-- Default suite -->
</testng-results>
