<?xml version="1.0" encoding="UTF-8"?>
<testng-results ignored="0" total="1" passed="0" failed="1" skipped="0">
  <reporter-output>
  </reporter-output>
  <suite started-at="2025-09-10T01:23:53 IST" name="Default suite" finished-at="2025-09-10T01:24:01 IST" duration-ms="7801">
    <groups>
      <group name="cucumber">
        <method signature="AbstractTestNGCucumberTests.runScenario(io.cucumber.testng.PickleWrapper,io.cucumber.testng.FeatureWrapper)[pri:0, instance:runner.TestRunner@2de23121]" name="runScenario" class="io.cucumber.testng.AbstractTestNGCucumberTests"/>
      </group> <!-- cucumber -->
    </groups>
    <test started-at="2025-09-10T01:23:53 IST" name="Default test" finished-at="2025-09-10T01:24:01 IST" duration-ms="7801">
      <class name="runner.TestRunner">
        <test-method is-config="true" signature="setUpClass(org.testng.ITestContext)[pri:0, instance:runner.TestRunner@2de23121]" started-at="2025-09-10T01:23:53 IST" name="setUpClass" finished-at="2025-09-10T01:23:54 IST" duration-ms="908" status="PASS">
          <params>
            <param index="0">
              <value>
                <![CDATA[org.testng.TestRunner@1a3e8e24]]>
              </value>
            </param>
          </params>
          <reporter-output>
          </reporter-output>
        </test-method> <!-- setUpClass -->
        <test-method signature="runScenario(io.cucumber.testng.PickleWrapper,io.cucumber.testng.FeatureWrapper)[pri:0, instance:runner.TestRunner@2de23121]" started-at="2025-09-10T01:23:54 IST" name="runScenario" description="Runs Cucumber Scenarios" data-provider="scenarios" finished-at="2025-09-10T01:24:00 IST" duration-ms="6475" status="FAIL">
          <params>
            <param index="0">
              <value>
                <![CDATA["User fills property details from Excel"]]>
              </value>
            </param>
            <param index="1">
              <value>
                <![CDATA["Post Property Functionality"]]>
              </value>
            </param>
          </params>
          <exception class="java.lang.IllegalArgumentException">
            <message>
              <![CDATA[Locator must be set]]>
            </message>
            <full-stacktrace>
              <![CDATA[java.lang.IllegalArgumentException: Locator must be set
at org.openqa.selenium.internal.Require.nonNull(Require.java:61)
at org.openqa.selenium.remote.RemoteWebDriver.findElement(RemoteWebDriver.java:360)
at pages.LoginPage.clickLogin(LoginPage.java:32)
at stepdefinitions.LoginSteps.the_user_enters_a_valid_phone_number(LoginSteps.java:49)
at ✽.the user enters a valid phone number(file:///C:/Users/Public/Eclipse_Projects/NoBroker_Testing_App/src/test/resources/features/property.feature:6)
]]>
            </full-stacktrace>
          </exception> <!-- java.lang.IllegalArgumentException -->
          <reporter-output>
          </reporter-output>
        </test-method> <!-- runScenario -->
        <test-method is-config="true" signature="tearDownClass()[pri:0, instance:runner.TestRunner@2de23121]" started-at="2025-09-10T01:24:00 IST" name="tearDownClass" finished-at="2025-09-10T01:24:01 IST" duration-ms="373" status="PASS">
          <reporter-output>
          </reporter-output>
        </test-method> <!-- tearDownClass -->
      </class> <!-- runner.TestRunner -->
    </test> <!-- Default test -->
  </suite> <!-- Default suite -->
</testng-results>
