<?xml version="1.0" encoding="UTF-8"?>
<testng-results ignored="0" total="3" passed="3" failed="0" skipped="0">
  <reporter-output>
  </reporter-output>
  <suite started-at="2025-09-10T19:11:49 IST" name="Default suite" finished-at="2025-09-10T19:12:41 IST" duration-ms="52431">
    <groups>
      <group name="cucumber">
        <method signature="AbstractTestNGCucumberTests.runScenario(io.cucumber.testng.PickleWrapper,io.cucumber.testng.FeatureWrapper)[pri:0, instance:runner.TestRunner@2de23121]" name="runScenario" class="io.cucumber.testng.AbstractTestNGCucumberTests"/>
      </group> <!-- cucumber -->
    </groups>
    <test started-at="2025-09-10T19:11:49 IST" name="Default test" finished-at="2025-09-10T19:12:41 IST" duration-ms="52431">
      <class name="runner.TestRunner">
        <test-method is-config="true" signature="setUpClass(org.testng.ITestContext)[pri:0, instance:runner.TestRunner@2de23121]" started-at="2025-09-10T19:11:49 IST" name="setUpClass" finished-at="2025-09-10T19:11:51 IST" duration-ms="1663" status="PASS">
          <params>
            <param index="0">
              <value>
                <![CDATA[org.testng.TestRunner@6cae2e4d]]>
              </value>
            </param>
          </params>
          <reporter-output>
          </reporter-output>
        </test-method> <!-- setUpClass -->
        <test-method signature="runScenario(io.cucumber.testng.PickleWrapper,io.cucumber.testng.FeatureWrapper)[pri:0, instance:runner.TestRunner@2de23121]" started-at="2025-09-10T19:11:51 IST" name="runScenario" description="Runs Cucumber Scenarios" data-provider="scenarios" finished-at="2025-09-10T19:12:03 IST" duration-ms="12304" status="PASS">
          <params>
            <param index="0">
              <value>
                <![CDATA["Missing landmark"]]>
              </value>
            </param>
            <param index="1">
              <value>
                <![CDATA["Home Page Search and Navigation"]]>
              </value>
            </param>
          </params>
          <reporter-output>
          </reporter-output>
        </test-method> <!-- runScenario -->
        <test-method signature="runScenario(io.cucumber.testng.PickleWrapper,io.cucumber.testng.FeatureWrapper)[pri:0, instance:runner.TestRunner@2de23121]" started-at="2025-09-10T19:12:03 IST" name="runScenario" description="Runs Cucumber Scenarios" data-provider="scenarios" finished-at="2025-09-10T19:12:25 IST" duration-ms="22465" status="PASS">
          <params>
            <param index="0">
              <value>
                <![CDATA["Valid landmark"]]>
              </value>
            </param>
            <param index="1">
              <value>
                <![CDATA["Home Page Search and Navigation"]]>
              </value>
            </param>
          </params>
          <reporter-output>
          </reporter-output>
        </test-method> <!-- runScenario -->
        <test-method signature="runScenario(io.cucumber.testng.PickleWrapper,io.cucumber.testng.FeatureWrapper)[pri:0, instance:runner.TestRunner@2de23121]" started-at="2025-09-10T19:12:25 IST" name="runScenario" description="Runs Cucumber Scenarios" data-provider="scenarios" finished-at="2025-09-10T19:12:41 IST" duration-ms="15290" status="PASS">
          <params>
            <param index="0">
              <value>
                <![CDATA["View previous searches after new search"]]>
              </value>
            </param>
            <param index="1">
              <value>
                <![CDATA["Home Page Search and Navigation"]]>
              </value>
            </param>
          </params>
          <reporter-output>
          </reporter-output>
        </test-method> <!-- runScenario -->
        <test-method is-config="true" signature="tearDownClass()[pri:0, instance:runner.TestRunner@2de23121]" started-at="2025-09-10T19:12:41 IST" name="tearDownClass" finished-at="2025-09-10T19:12:41 IST" duration-ms="622" status="PASS">
          <reporter-output>
          </reporter-output>
        </test-method> <!-- tearDownClass -->
      </class> <!-- runner.TestRunner -->
    </test> <!-- Default test -->
  </suite> <!-- Default suite -->
</testng-results>
